build/app/intermediates/manifest_merge_blame_file/debug/manifest-merger-blame-debug-report.txt
1<?xml version="1.0" encoding="utf-8"?>
2<manifest xmlns:android="http://schemas.android.com/apk/res/android"
3    package="com.example.newsupdatev2.newsupdate_newversion"
4    android:versionCode="1"
5    android:versionName="1.0.0" >
6
7    <uses-sdk
8        android:minSdkVersion="16"
9        android:targetSdkVersion="29" />
10    <!--
11         Flutter needs it to communicate with the running application
12         to allow setting breakpoints, to provide hot reload, etc.
13    -->
14    <uses-permission android:name="android.permission.INTERNET" />
14-->src/debug/AndroidManifest.xml:6:5-66
14-->src/debug/AndroidManifest.xml:6:22-64
15    <uses-permission android:name="android.permission.READ_EXTERNAL_STORAGE" />
15-->[:image_picker] AndroidManifest.xml:7:5-80
15-->[:image_picker] AndroidManifest.xml:7:22-77
16    <uses-permission android:name="android.permission.WRITE_EXTERNAL_STORAGE" />
16-->[:image_picker] AndroidManifest.xml:8:5-81
16-->[:image_picker] AndroidManifest.xml:8:22-78
17    <uses-permission android:name="android.permission.ACCESS_NETWORK_STATE" />
17-->[com.google.firebase:firebase-auth:20.0.1] AndroidManifest.xml:24:5-79
17-->[com.google.firebase:firebase-auth:20.0.1] AndroidManifest.xml:24:22-76
18    <uses-permission android:name="android.permission.WAKE_LOCK" />
18-->[com.google.android.gms:play-services-measurement-api:18.0.0] AndroidManifest.xml:24:5-68
18-->[com.google.android.gms:play-services-measurement-api:18.0.0] AndroidManifest.xml:24:22-65
19    <uses-permission android:name="com.google.android.finsky.permission.BIND_GET_INSTALL_REFERRER_SERVICE" />
19-->[com.google.android.gms:play-services-measurement:18.0.0] AndroidManifest.xml:26:5-110
19-->[com.google.android.gms:play-services-measurement:18.0.0] AndroidManifest.xml:26:22-107
20    <!--
21 io.flutter.app.FlutterApplication is an android.app.Application that
22         calls FlutterMain.startInitialization(this); in its onCreate method.
23         In most cases you can leave this as-is, but you if you want to provide
24         additional functionality it is fine to subclass or reimplement
25         FlutterApplication and put your custom class here.
26    -->
27    <application
27-->src/main/AndroidManifest.xml:8:5-46:19
28        android:name="io.flutter.app.FlutterApplication"
28-->src/main/AndroidManifest.xml:9:9-57
29        android:appComponentFactory="androidx.core.app.CoreComponentFactory"
29-->[androidx.core:core:1.1.0] AndroidManifest.xml:24:18-86
30        android:debuggable="true"
31        android:icon="@mipmap/ic_launcher"
31-->src/main/AndroidManifest.xml:11:9-43
32        android:label="newsupdate_newversion" >
32-->src/main/AndroidManifest.xml:10:9-46
33        <activity
33-->src/main/AndroidManifest.xml:12:9-40:20
34            android:name="com.example.newsupdatev2.newsupdate_newversion.MainActivity"
34-->src/main/AndroidManifest.xml:13:13-41
35            android:configChanges="orientation|keyboardHidden|keyboard|screenSize|smallestScreenSize|locale|layoutDirection|fontScale|screenLayout|density|uiMode"
35-->src/main/AndroidManifest.xml:16:13-163
36            android:hardwareAccelerated="true"
36-->src/main/AndroidManifest.xml:17:13-47
37            android:launchMode="singleTop"
37-->src/main/AndroidManifest.xml:14:13-43
38            android:theme="@style/LaunchTheme"
38-->src/main/AndroidManifest.xml:15:13-47
39            android:windowSoftInputMode="adjustResize" >
39-->src/main/AndroidManifest.xml:18:13-55
40
41            <!--
42                 Specifies an Android theme to apply to this Activity as soon as
43                 the Android process has started. This theme is visible to the user
44                 while the Flutter UI initializes. After that, this theme continues
45                 to determine the Window background behind the Flutter UI.
46            -->
47            <meta-data
47-->src/main/AndroidManifest.xml:23:13-26:17
48                android:name="io.flutter.embedding.android.NormalTheme"
48-->src/main/AndroidManifest.xml:24:15-70
49                android:resource="@style/NormalTheme" />
49-->src/main/AndroidManifest.xml:25:15-52
50            <!--
51                 Displays an Android View that continues showing the launch screen
52                 Drawable until Flutter paints its first frame, then this splash
53                 screen fades out. A splash screen is useful to avoid any visual
54                 gap between the end of Android's launch screen and the painting of
55                 Flutter's first frame.
56            -->
57            <meta-data
57-->src/main/AndroidManifest.xml:32:13-35:17
58                android:name="io.flutter.embedding.android.SplashScreenDrawable"
58-->src/main/AndroidManifest.xml:33:15-79
59                android:resource="@drawable/launch_background" />
59-->src/main/AndroidManifest.xml:34:15-61
60
61            <intent-filter>
61-->src/main/AndroidManifest.xml:36:13-39:29
62                <action android:name="android.intent.action.MAIN" />
62-->src/main/AndroidManifest.xml:37:17-68
62-->src/main/AndroidManifest.xml:37:25-66
63
64                <category android:name="android.intent.category.LAUNCHER" />
64-->src/main/AndroidManifest.xml:38:17-76
64-->src/main/AndroidManifest.xml:38:27-74
65            </intent-filter>
66        </activity>
67        <!--
68             Don't delete the meta-data below.
69             This is used by the Flutter tool to generate GeneratedPluginRegistrant.java
70        -->
71        <meta-data
71-->src/main/AndroidManifest.xml:43:9-45:33
72            android:name="flutterEmbedding"
72-->src/main/AndroidManifest.xml:44:13-44
73            android:value="2" />
73-->src/main/AndroidManifest.xml:45:13-30
74
75        <service
75-->[:firebase_storage] AndroidManifest.xml:8:9-12:19
76            android:name="com.google.firebase.components.ComponentDiscoveryService"
76-->[:firebase_storage] AndroidManifest.xml:8:18-89
77            android:directBootAware="true"
77-->[com.google.firebase:firebase-common:19.5.0] AndroidManifest.xml:35:13-43
78            android:exported="false" >
78-->[com.google.firebase:firebase-analytics-ktx:18.0.0] AndroidManifest.xml:10:13-37
79            <meta-data
79-->[:firebase_storage] AndroidManifest.xml:9:13-11:85
80                android:name="com.google.firebase.components:io.flutter.plugins.firebase.storage.FlutterFirebaseAppRegistrar"
80-->[:firebase_storage] AndroidManifest.xml:10:17-126
81                android:value="com.google.firebase.components.ComponentRegistrar" />
81-->[:firebase_storage] AndroidManifest.xml:11:17-82
82            <meta-data
82-->[:cloud_firestore] AndroidManifest.xml:9:13-11:85
83                android:name="com.google.firebase.components:io.flutter.plugins.firebase.firestore.FlutterFirebaseFirestoreRegistrar"
83-->[:cloud_firestore] AndroidManifest.xml:10:17-134
84                android:value="com.google.firebase.components.ComponentRegistrar" />
84-->[:cloud_firestore] AndroidManifest.xml:11:17-82
85            <meta-data
85-->[:firebase_database] AndroidManifest.xml:9:13-11:85
86                android:name="com.google.firebase.components:io.flutter.plugins.firebase.database.FlutterFirebaseAppRegistrar"
86-->[:firebase_database] AndroidManifest.xml:10:17-127
87                android:value="com.google.firebase.components.ComponentRegistrar" />
87-->[:firebase_database] AndroidManifest.xml:11:17-82
88            <meta-data
88-->[:firebase_auth] AndroidManifest.xml:9:13-11:85
89                android:name="com.google.firebase.components:io.flutter.plugins.firebase.auth.FlutterFirebaseAuthRegistrar"
89-->[:firebase_auth] AndroidManifest.xml:10:17-124
90                android:value="com.google.firebase.components.ComponentRegistrar" />
90-->[:firebase_auth] AndroidManifest.xml:11:17-82
91            <meta-data
91-->[:firebase_core] AndroidManifest.xml:9:13-11:85
92                android:name="com.google.firebase.components:io.flutter.plugins.firebase.core.FlutterFirebaseCoreRegistrar"
92-->[:firebase_core] AndroidManifest.xml:10:17-124
93                android:value="com.google.firebase.components.ComponentRegistrar" />
93-->[:firebase_core] AndroidManifest.xml:11:17-82
94            <meta-data
94-->[com.google.firebase:firebase-analytics-ktx:18.0.0] AndroidManifest.xml:11:13-13:85
95                android:name="com.google.firebase.components:com.google.firebase.analytics.ktx.FirebaseAnalyticsKtxRegistrar"
95-->[com.google.firebase:firebase-analytics-ktx:18.0.0] AndroidManifest.xml:12:17-126
96                android:value="com.google.firebase.components.ComponentRegistrar" />
96-->[com.google.firebase:firebase-analytics-ktx:18.0.0] AndroidManifest.xml:13:17-82
97            <meta-data
97-->[com.google.firebase:firebase-common-ktx:19.5.0] AndroidManifest.xml:15:13-17:85
98                android:name="com.google.firebase.components:com.google.firebase.ktx.FirebaseCommonKtxRegistrar"
98-->[com.google.firebase:firebase-common-ktx:19.5.0] AndroidManifest.xml:16:17-113
99                android:value="com.google.firebase.components.ComponentRegistrar" />
99-->[com.google.firebase:firebase-common-ktx:19.5.0] AndroidManifest.xml:17:17-82
100            <meta-data
100-->[com.google.firebase:firebase-auth:20.0.1] AndroidManifest.xml:77:13-79:85
101                android:name="com.google.firebase.components:com.google.firebase.auth.FirebaseAuthRegistrar"
101-->[com.google.firebase:firebase-auth:20.0.1] AndroidManifest.xml:78:17-109
102                android:value="com.google.firebase.components.ComponentRegistrar" />
102-->[com.google.firebase:firebase-auth:20.0.1] AndroidManifest.xml:79:17-82
103            <meta-data
103-->[com.google.firebase:firebase-storage:19.2.1] AndroidManifest.xml:33:13-35:85
104                android:name="com.google.firebase.components:com.google.firebase.storage.StorageRegistrar"
104-->[com.google.firebase:firebase-storage:19.2.1] AndroidManifest.xml:34:17-107
105                android:value="com.google.firebase.components.ComponentRegistrar" />
105-->[com.google.firebase:firebase-storage:19.2.1] AndroidManifest.xml:35:17-82
106            <meta-data
106-->[com.google.firebase:firebase-firestore:22.0.1] AndroidManifest.xml:20:13-22:85
107                android:name="com.google.firebase.components:com.google.firebase.firestore.FirestoreRegistrar"
107-->[com.google.firebase:firebase-firestore:22.0.1] AndroidManifest.xml:21:17-111
108                android:value="com.google.firebase.components.ComponentRegistrar" />
108-->[com.google.firebase:firebase-firestore:22.0.1] AndroidManifest.xml:22:17-82
109            <meta-data
109-->[com.google.firebase:firebase-database:19.6.0] AndroidManifest.xml:32:13-34:85
110                android:name="com.google.firebase.components:com.google.firebase.database.DatabaseRegistrar"
110-->[com.google.firebase:firebase-database:19.6.0] AndroidManifest.xml:33:17-109
111                android:value="com.google.firebase.components.ComponentRegistrar" />
111-->[com.google.firebase:firebase-database:19.6.0] AndroidManifest.xml:34:17-82
112            <meta-data
112-->[com.google.android.gms:play-services-measurement-api:18.0.0] AndroidManifest.xml:30:13-32:85
113                android:name="com.google.firebase.components:com.google.firebase.analytics.connector.internal.AnalyticsConnectorRegistrar"
113-->[com.google.android.gms:play-services-measurement-api:18.0.0] AndroidManifest.xml:31:17-139
114                android:value="com.google.firebase.components.ComponentRegistrar" />
114-->[com.google.android.gms:play-services-measurement-api:18.0.0] AndroidManifest.xml:32:17-82
115            <meta-data
115-->[com.google.firebase:firebase-installations:16.3.5] AndroidManifest.xml:18:13-20:85
116                android:name="com.google.firebase.components:com.google.firebase.installations.FirebaseInstallationsRegistrar"
116-->[com.google.firebase:firebase-installations:16.3.5] AndroidManifest.xml:19:17-127
117                android:value="com.google.firebase.components.ComponentRegistrar" />
117-->[com.google.firebase:firebase-installations:16.3.5] AndroidManifest.xml:20:17-82
118            <!--
119                This registrar is not defined in the dynamic-module-support sdk itself to allow non-firebase
120                clients to use it as well, by defining this registrar in their own core/common library.
121            -->
122            <meta-data
122-->[com.google.firebase:firebase-common:19.5.0] AndroidManifest.xml:43:13-45:85
123                android:name="com.google.firebase.components:com.google.firebase.dynamicloading.DynamicLoadingRegistrar"
123-->[com.google.firebase:firebase-common:19.5.0] AndroidManifest.xml:44:17-121
124                android:value="com.google.firebase.components.ComponentRegistrar" />
124-->[com.google.firebase:firebase-common:19.5.0] AndroidManifest.xml:45:17-82
125        </service>
126
127        <provider
127-->[:image_picker] AndroidManifest.xml:11:9-19:20
128            android:name="io.flutter.plugins.imagepicker.ImagePickerFileProvider"
128-->[:image_picker] AndroidManifest.xml:12:13-82
129            android:authorities="com.example.newsupdatev2.newsupdate_newversion.flutter.image_provider"
129-->[:image_picker] AndroidManifest.xml:13:13-74
130            android:exported="false"
130-->[:image_picker] AndroidManifest.xml:14:13-37
131            android:grantUriPermissions="true" >
131-->[:image_picker] AndroidManifest.xml:15:13-47
132            <meta-data
132-->[:image_picker] AndroidManifest.xml:16:13-18:75
133                android:name="android.support.FILE_PROVIDER_PATHS"
133-->[:image_picker] AndroidManifest.xml:17:17-67
134                android:resource="@xml/flutter_image_picker_file_paths" />
134-->[:image_picker] AndroidManifest.xml:18:17-72
135        </provider>
136
137        <activity
137-->[com.google.firebase:firebase-auth:20.0.1] AndroidManifest.xml:27:9-44:20
138            android:name="com.google.firebase.auth.internal.GenericIdpActivity"
138-->[com.google.firebase:firebase-auth:20.0.1] AndroidManifest.xml:28:13-80
139            android:excludeFromRecents="true"
139-->[com.google.firebase:firebase-auth:20.0.1] AndroidManifest.xml:29:13-46
140            android:exported="true"
140-->[com.google.firebase:firebase-auth:20.0.1] AndroidManifest.xml:30:13-36
141            android:launchMode="singleTask"
141-->[com.google.firebase:firebase-auth:20.0.1] AndroidManifest.xml:31:13-44
142            android:theme="@android:style/Theme.Translucent.NoTitleBar" >
142-->[com.google.firebase:firebase-auth:20.0.1] AndroidManifest.xml:32:13-72
143            <intent-filter>
143-->[com.google.firebase:firebase-auth:20.0.1] AndroidManifest.xml:33:13-43:29
144                <action android:name="android.intent.action.VIEW" />
144-->[com.google.firebase:firebase-auth:20.0.1] AndroidManifest.xml:34:17-69
144-->[com.google.firebase:firebase-auth:20.0.1] AndroidManifest.xml:34:25-66
145
146                <category android:name="android.intent.category.DEFAULT" />
146-->[com.google.firebase:firebase-auth:20.0.1] AndroidManifest.xml:36:17-76
146-->[com.google.firebase:firebase-auth:20.0.1] AndroidManifest.xml:36:27-73
147                <category android:name="android.intent.category.BROWSABLE" />
147-->[com.google.firebase:firebase-auth:20.0.1] AndroidManifest.xml:37:17-78
147-->[com.google.firebase:firebase-auth:20.0.1] AndroidManifest.xml:37:27-75
148
149                <data
149-->[com.google.firebase:firebase-auth:20.0.1] AndroidManifest.xml:39:17-42:51
150                    android:host="firebase.auth"
150-->[com.google.firebase:firebase-auth:20.0.1] AndroidManifest.xml:40:21-49
151                    android:path="/"
151-->[com.google.firebase:firebase-auth:20.0.1] AndroidManifest.xml:41:21-37
152                    android:scheme="genericidp" />
152-->[com.google.firebase:firebase-auth:20.0.1] AndroidManifest.xml:42:21-48
153            </intent-filter>
154        </activity>
155        <activity
155-->[com.google.firebase:firebase-auth:20.0.1] AndroidManifest.xml:45:9-62:20
156            android:name="com.google.firebase.auth.internal.RecaptchaActivity"
156-->[com.google.firebase:firebase-auth:20.0.1] AndroidManifest.xml:46:13-79
157            android:excludeFromRecents="true"
157-->[com.google.firebase:firebase-auth:20.0.1] AndroidManifest.xml:47:13-46
158            android:exported="true"
158-->[com.google.firebase:firebase-auth:20.0.1] AndroidManifest.xml:48:13-36
159            android:launchMode="singleTask"
159-->[com.google.firebase:firebase-auth:20.0.1] AndroidManifest.xml:49:13-44
160            android:theme="@android:style/Theme.Translucent.NoTitleBar" >
160-->[com.google.firebase:firebase-auth:20.0.1] AndroidManifest.xml:50:13-72
161            <intent-filter>
161-->[com.google.firebase:firebase-auth:20.0.1] AndroidManifest.xml:51:13-61:29
162                <action android:name="android.intent.action.VIEW" />
162-->[com.google.firebase:firebase-auth:20.0.1] AndroidManifest.xml:34:17-69
162-->[com.google.firebase:firebase-auth:20.0.1] AndroidManifest.xml:34:25-66
163
164                <category android:name="android.intent.category.DEFAULT" />
164-->[com.google.firebase:firebase-auth:20.0.1] AndroidManifest.xml:36:17-76
164-->[com.google.firebase:firebase-auth:20.0.1] AndroidManifest.xml:36:27-73
165                <category android:name="android.intent.category.BROWSABLE" />
165-->[com.google.firebase:firebase-auth:20.0.1] AndroidManifest.xml:37:17-78
165-->[com.google.firebase:firebase-auth:20.0.1] AndroidManifest.xml:37:27-75
166
167                <data
167-->[com.google.firebase:firebase-auth:20.0.1] AndroidManifest.xml:39:17-42:51
168                    android:host="firebase.auth"
168-->[com.google.firebase:firebase-auth:20.0.1] AndroidManifest.xml:40:21-49
169                    android:path="/"
169-->[com.google.firebase:firebase-auth:20.0.1] AndroidManifest.xml:41:21-37
170                    android:scheme="recaptcha" />
170-->[com.google.firebase:firebase-auth:20.0.1] AndroidManifest.xml:42:21-48
171            </intent-filter>
172        </activity>
173
174        <service
174-->[com.google.firebase:firebase-auth:20.0.1] AndroidManifest.xml:64:9-73:19
175            android:name="com.google.firebase.auth.api.fallback.service.FirebaseAuthFallbackService"
175-->[com.google.firebase:firebase-auth:20.0.1] AndroidManifest.xml:65:13-101
176            android:enabled="true"
176-->[com.google.firebase:firebase-auth:20.0.1] AndroidManifest.xml:66:13-35
177            android:exported="false" >
177-->[com.google.firebase:firebase-auth:20.0.1] AndroidManifest.xml:67:13-37
178            <intent-filter>
178-->[com.google.firebase:firebase-auth:20.0.1] AndroidManifest.xml:68:13-72:29
179                <action android:name="com.google.firebase.auth.api.gms.service.START" />
179-->[com.google.firebase:firebase-auth:20.0.1] AndroidManifest.xml:69:17-89
179-->[com.google.firebase:firebase-auth:20.0.1] AndroidManifest.xml:69:25-86
180
181                <category android:name="android.intent.category.DEFAULT" />
181-->[com.google.firebase:firebase-auth:20.0.1] AndroidManifest.xml:36:17-76
181-->[com.google.firebase:firebase-auth:20.0.1] AndroidManifest.xml:36:27-73
182            </intent-filter>
183        </service>
184
185        <activity
185-->[com.google.android.gms:play-services-auth:16.0.1] AndroidManifest.xml:23:9-27:75
186            android:name="com.google.android.gms.auth.api.signin.internal.SignInHubActivity"
186-->[com.google.android.gms:play-services-auth:16.0.1] AndroidManifest.xml:24:13-93
187            android:excludeFromRecents="true"
187-->[com.google.android.gms:play-services-auth:16.0.1] AndroidManifest.xml:25:13-46
188            android:exported="false"
188-->[com.google.android.gms:play-services-auth:16.0.1] AndroidManifest.xml:26:13-37
189            android:theme="@android:style/Theme.Translucent.NoTitleBar" />
189-->[com.google.android.gms:play-services-auth:16.0.1] AndroidManifest.xml:27:13-72
190        <!--
191            Service handling Google Sign-In user revocation. For apps that do not integrate with
192            Google Sign-In, this service will never be started.
193        -->
194        <service
194-->[com.google.android.gms:play-services-auth:16.0.1] AndroidManifest.xml:33:9-36:110
195            android:name="com.google.android.gms.auth.api.signin.RevocationBoundService"
195-->[com.google.android.gms:play-services-auth:16.0.1] AndroidManifest.xml:34:13-89
196            android:exported="true"
196-->[com.google.android.gms:play-services-auth:16.0.1] AndroidManifest.xml:35:13-36
197            android:permission="com.google.android.gms.auth.api.signin.permission.REVOCATION_NOTIFICATION" />
197-->[com.google.android.gms:play-services-auth:16.0.1] AndroidManifest.xml:36:13-107
198
199        <activity
199-->[com.google.android.gms:play-services-base:17.1.0] AndroidManifest.xml:23:9-26:75
200            android:name="com.google.android.gms.common.api.GoogleApiActivity"
200-->[com.google.android.gms:play-services-base:17.1.0] AndroidManifest.xml:24:13-79
201            android:exported="false"
201-->[com.google.android.gms:play-services-base:17.1.0] AndroidManifest.xml:25:13-37
202            android:theme="@android:style/Theme.Translucent.NoTitleBar" />
202-->[com.google.android.gms:play-services-base:17.1.0] AndroidManifest.xml:26:13-72
203
204        <provider
204-->[com.google.firebase:firebase-common:19.5.0] AndroidManifest.xml:26:9-31:39
205            android:name="com.google.firebase.provider.FirebaseInitProvider"
205-->[com.google.firebase:firebase-common:19.5.0] AndroidManifest.xml:27:13-77
206            android:authorities="com.example.newsupdatev2.newsupdate_newversion.firebaseinitprovider"
206-->[com.google.firebase:firebase-common:19.5.0] AndroidManifest.xml:28:13-72
207            android:directBootAware="true"
207-->[com.google.firebase:firebase-common:19.5.0] AndroidManifest.xml:29:13-43
208            android:exported="false"
208-->[com.google.firebase:firebase-common:19.5.0] AndroidManifest.xml:30:13-37
209            android:initOrder="100" />
209-->[com.google.firebase:firebase-common:19.5.0] AndroidManifest.xml:31:13-36
210
211        <receiver
211-->[com.google.android.gms:play-services-measurement:18.0.0] AndroidManifest.xml:29:9-33:20
212            android:name="com.google.android.gms.measurement.AppMeasurementReceiver"
212-->[com.google.android.gms:play-services-measurement:18.0.0] AndroidManifest.xml:30:13-85
213            android:enabled="true"
213-->[com.google.android.gms:play-services-measurement:18.0.0] AndroidManifest.xml:31:13-35
214            android:exported="false" >
214-->[com.google.android.gms:play-services-measurement:18.0.0] AndroidManifest.xml:32:13-37
215        </receiver>
216
217        <service
217-->[com.google.android.gms:play-services-measurement:18.0.0] AndroidManifest.xml:35:9-38:40
218            android:name="com.google.android.gms.measurement.AppMeasurementService"
218-->[com.google.android.gms:play-services-measurement:18.0.0] AndroidManifest.xml:36:13-84
219            android:enabled="true"
219-->[com.google.android.gms:play-services-measurement:18.0.0] AndroidManifest.xml:37:13-35
220            android:exported="false" />
220-->[com.google.android.gms:play-services-measurement:18.0.0] AndroidManifest.xml:38:13-37
221        <service
221-->[com.google.android.gms:play-services-measurement:18.0.0] AndroidManifest.xml:39:9-43:72
222            android:name="com.google.android.gms.measurement.AppMeasurementJobService"
222-->[com.google.android.gms:play-services-measurement:18.0.0] AndroidManifest.xml:40:13-87
223            android:enabled="true"
223-->[com.google.android.gms:play-services-measurement:18.0.0] AndroidManifest.xml:41:13-35
224            android:exported="false"
224-->[com.google.android.gms:play-services-measurement:18.0.0] AndroidManifest.xml:42:13-37
225            android:permission="android.permission.BIND_JOB_SERVICE" />
225-->[com.google.android.gms:play-services-measurement:18.0.0] AndroidManifest.xml:43:13-69
226
227        <meta-data
227-->[com.google.android.gms:play-services-basement:17.1.0] AndroidManifest.xml:23:9-25:69
228            android:name="com.google.android.gms.version"
228-->[com.google.android.gms:play-services-basement:17.1.0] AndroidManifest.xml:24:13-58
229            android:value="@integer/google_play_services_version" />
229-->[com.google.android.gms:play-services-basement:17.1.0] AndroidManifest.xml:25:13-66
230    </application>
231
232</manifest>